[debug] [2020-09-11T01:41:44.726Z] ----------------------------------------------------------------------
[debug] [2020-09-11T01:41:44.728Z] Command:       C:\Program Files\nodejs\node.exe C:\Users\Cv\AppData\Roaming\npm\node_modules\firebase-tools\lib\bin\firebase.js emulators:start
[debug] [2020-09-11T01:41:44.729Z] CLI Version:   8.10.0
[debug] [2020-09-11T01:41:44.729Z] Platform:      win32
[debug] [2020-09-11T01:41:44.729Z] Node Version:  v12.13.1
[debug] [2020-09-11T01:41:44.739Z] Time:          Fri Sep 11 2020 06:41:44 GMT+0500 (Pakistan Standard Time)
[debug] [2020-09-11T01:41:44.740Z] ----------------------------------------------------------------------
[debug] [2020-09-11T01:41:44.740Z] 
[debug] [2020-09-11T01:41:44.754Z] > command requires scopes: ["email","openid","https://www.googleapis.com/auth/cloudplatformprojects.readonly","https://www.googleapis.com/auth/firebase","https://www.googleapis.com/auth/cloud-platform"]
[debug] [2020-09-11T01:41:44.755Z] > authorizing via signed-in user
[info] i  emulators: Starting emulators: functions, hosting {"metadata":{"emulator":{"name":"hub"},"message":"Starting emulators: functions, hosting"}}
[debug] [2020-09-11T01:41:46.792Z] [hub] writing locator at C:\Users\Cv\AppData\Local\Temp\hub-with-reactjs.json
[warn] !  functions: The following emulators are not running, calls to these services from the Functions emulator will affect production: firestore, database, pubsub {"metadata":{"emulator":{"name":"functions"},"message":"The following emulators are not running, calls to these services from the Functions emulator will affect production: \u001b[1mfirestore, database, pubsub\u001b[22m"}}
[warn] !  Your requested "node" version "10" doesn't match your global version "12" {"metadata":{"emulator":{"name":"functions"},"message":"Your requested \"node\" version \"10\" doesn't match your global version \"12\""}}
[debug] [2020-09-11T01:41:48.959Z] defaultcredentials: writing to file C:\Users\Cv\AppData\Roaming\firebase\malikwaqarofficial_gmail_com_application_default_credentials.json
[debug] [2020-09-11T01:41:48.974Z] Setting GAC to C:\Users\Cv\AppData\Roaming\firebase\malikwaqarofficial_gmail_com_application_default_credentials.json {"metadata":{"emulator":{"name":"functions"},"message":"Setting GAC to C:\\Users\\Cv\\AppData\\Roaming\\firebase\\malikwaqarofficial_gmail_com_application_default_credentials.json"}}
[debug] [2020-09-11T01:41:50.995Z] > refreshing access token with scopes: ["email","https://www.googleapis.com/auth/cloud-platform","https://www.googleapis.com/auth/cloudplatformprojects.readonly","https://www.googleapis.com/auth/firebase","openid"]
[debug] [2020-09-11T01:41:50.995Z] >>> HTTP REQUEST POST https://www.googleapis.com/oauth2/v3/token  
 <request body omitted>
[debug] [2020-09-11T01:41:51.396Z] <<< HTTP RESPONSE 200 {"content-type":"application/json; charset=utf-8","vary":"X-Origin, Referer, Origin,Accept-Encoding","date":"Fri, 11 Sep 2020 01:41:52 GMT","server":"scaffolding on HTTPServer2","cache-control":"private","x-xss-protection":"0","x-frame-options":"SAMEORIGIN","x-content-type-options":"nosniff","alt-svc":"h3-29=\":443\"; ma=2592000,h3-27=\":443\"; ma=2592000,h3-T051=\":443\"; ma=2592000,h3-T050=\":443\"; ma=2592000,h3-Q050=\":443\"; ma=2592000,h3-Q046=\":443\"; ma=2592000,h3-Q043=\":443\"; ma=2592000,quic=\":443\"; ma=2592000; v=\"46,43\"","accept-ranges":"none","transfer-encoding":"chunked"}
[debug] [2020-09-11T01:41:51.405Z] >>> HTTP REQUEST GET https://firebase.googleapis.com/v1beta1/projects/with-reactjs/webApps/-/config  
 
[debug] [2020-09-11T01:41:52.609Z] <<< HTTP RESPONSE 200 {"content-type":"application/json; charset=UTF-8","vary":"X-Origin, Referer, Origin,Accept-Encoding","date":"Fri, 11 Sep 2020 01:41:53 GMT","server":"ESF","cache-control":"private","x-xss-protection":"0","x-frame-options":"SAMEORIGIN","x-content-type-options":"nosniff","alt-svc":"h3-29=\":443\"; ma=2592000,h3-27=\":443\"; ma=2592000,h3-T051=\":443\"; ma=2592000,h3-T050=\":443\"; ma=2592000,h3-Q050=\":443\"; ma=2592000,h3-Q046=\":443\"; ma=2592000,h3-Q043=\":443\"; ma=2592000,quic=\":443\"; ma=2592000; v=\"46,43\"","accept-ranges":"none","transfer-encoding":"chunked"}
[info] i  hosting: Serving hosting files from: build {"metadata":{"emulator":{"name":"hosting"},"message":"Serving hosting files from: \u001b[1mbuild\u001b[22m"}}
[info] +  hosting: Local server: http://localhost:5000 {"metadata":{"emulator":{"name":"hosting"},"message":"Local server: \u001b[4m\u001b[1mhttp://localhost:5000\u001b[22m\u001b[24m"}}
[debug] [2020-09-11T01:41:56.672Z] Ignoring unsupported arg: auto_download {"metadata":{"emulator":{"name":"ui"},"message":"Ignoring unsupported arg: auto_download"}}
[debug] [2020-09-11T01:41:56.672Z] Ignoring unsupported arg: port {"metadata":{"emulator":{"name":"ui"},"message":"Ignoring unsupported arg: port"}}
[debug] [2020-09-11T01:41:56.672Z] Starting Emulator UI with command {"binary":"node","args":["C:\\Users\\Cv\\.cache\\firebase\\emulators\\ui-v1.1.1\\server.bundle.js"],"optionalArgs":[],"joinArgs":false} {"metadata":{"emulator":{"name":"ui"},"message":"Starting Emulator UI with command {\"binary\":\"node\",\"args\":[\"C:\\\\Users\\\\Cv\\\\.cache\\\\firebase\\\\emulators\\\\ui-v1.1.1\\\\server.bundle.js\"],\"optionalArgs\":[],\"joinArgs\":false}"}}
[info] i  ui: Emulator UI logging to ui-debug.log {"metadata":{"emulator":{"name":"ui"},"message":"Emulator UI logging to \u001b[1mui-debug.log\u001b[22m"}}
[debug] [2020-09-11T01:41:56.853Z] Web / API server started at http://localhost:4000
 {"metadata":{"emulator":{"name":"ui"},"message":"Web / API server started at http://localhost:4000\n"}}
[info] i  functions: Watching "G:\ReactJS\amazon-clone\functions" for Cloud Functions... {"metadata":{"emulator":{"name":"functions"},"message":"Watching \"G:\\ReactJS\\amazon-clone\\functions\" for Cloud Functions..."}}
[debug] [2020-09-11T01:41:57.204Z] [worker-pool] addWorker(~diagnostic~) {"metadata":{"emulator":{"name":"functions"},"message":"[worker-pool] addWorker(~diagnostic~)"}}
[debug] [2020-09-11T01:41:57.205Z] [worker-pool] Adding worker with key ~diagnostic~, total=1 {"metadata":{"emulator":{"name":"functions"},"message":"[worker-pool] Adding worker with key ~diagnostic~, total=1"}}
[debug] [2020-09-11T01:41:57.205Z] [worker-pool] submitWork(triggerId=) {"metadata":{"emulator":{"name":"functions"},"message":"[worker-pool] submitWork(triggerId=)"}}
[debug] [2020-09-11T01:41:57.206Z] [worker-~diagnostic~-c0e6163e-e775-415c-8ddf-f868a559848c]: Assigning socketPath: \\?\pipe\G:\ReactJS\amazon-clone\functions\10272 {"metadata":{"emulator":{"name":"functions"},"message":"[worker-~diagnostic~-c0e6163e-e775-415c-8ddf-f868a559848c]: Assigning socketPath: \\\\?\\pipe\\G:\\ReactJS\\amazon-clone\\functions\\10272"}}
[debug] [2020-09-11T01:41:57.206Z] [worker-~diagnostic~-c0e6163e-e775-415c-8ddf-f868a559848c]: BUSY {"metadata":{"emulator":{"name":"functions"},"message":"[worker-~diagnostic~-c0e6163e-e775-415c-8ddf-f868a559848c]: BUSY"}}
[debug] [2020-09-11T01:41:57.960Z] [runtime-status] [10272] Functions runtime initialized. {"cwd":"G:\\ReactJS\\amazon-clone\\functions","node_version":"12.13.1"} {"metadata":{"emulator":{"name":"functions"},"message":"[runtime-status] [10272] Functions runtime initialized. {\"cwd\":\"G:\\\\ReactJS\\\\amazon-clone\\\\functions\",\"node_version\":\"12.13.1\"}"}}
[debug] [2020-09-11T01:41:57.961Z] [runtime-status] [10272] Disabled runtime features: undefined {"metadata":{"emulator":{"name":"functions"},"message":"[runtime-status] [10272] Disabled runtime features: undefined"}}
[debug] [2020-09-11T01:41:57.989Z] [runtime-status] [10272] Resolved module firebase-admin {"declared":true,"installed":true,"version":"8.13.0","resolution":"G:\\ReactJS\\amazon-clone\\functions\\node_modules\\firebase-admin\\lib\\index.js"} {"metadata":{"emulator":{"name":"functions"},"message":"[runtime-status] [10272] Resolved module firebase-admin {\"declared\":true,\"installed\":true,\"version\":\"8.13.0\",\"resolution\":\"G:\\\\ReactJS\\\\amazon-clone\\\\functions\\\\node_modules\\\\firebase-admin\\\\lib\\\\index.js\"}"}}
[debug] [2020-09-11T01:41:58.018Z] [runtime-status] [10272] Resolved module firebase-functions {"declared":true,"installed":true,"version":"3.11.0","resolution":"G:\\ReactJS\\amazon-clone\\functions\\node_modules\\firebase-functions\\lib\\index.js"} {"metadata":{"emulator":{"name":"functions"},"message":"[runtime-status] [10272] Resolved module firebase-functions {\"declared\":true,\"installed\":true,\"version\":\"3.11.0\",\"resolution\":\"G:\\\\ReactJS\\\\amazon-clone\\\\functions\\\\node_modules\\\\firebase-functions\\\\lib\\\\index.js\"}"}}
[debug] [2020-09-11T01:41:58.020Z] [runtime-status] [10272] Resolved module firebase-functions {"declared":true,"installed":true,"version":"3.11.0","resolution":"G:\\ReactJS\\amazon-clone\\functions\\node_modules\\firebase-functions\\lib\\index.js"} {"metadata":{"emulator":{"name":"functions"},"message":"[runtime-status] [10272] Resolved module firebase-functions {\"declared\":true,\"installed\":true,\"version\":\"3.11.0\",\"resolution\":\"G:\\\\ReactJS\\\\amazon-clone\\\\functions\\\\node_modules\\\\firebase-functions\\\\lib\\\\index.js\"}"}}
[debug] [2020-09-11T01:41:58.022Z] [runtime-status] [10272] Outgoing network have been stubbed. [{"name":"http","status":"mocked"},{"name":"http","status":"mocked"},{"name":"https","status":"mocked"},{"name":"https","status":"mocked"},{"name":"net","status":"mocked"}] {"metadata":{"emulator":{"name":"functions"},"message":"[runtime-status] [10272] Outgoing network have been stubbed. [{\"name\":\"http\",\"status\":\"mocked\"},{\"name\":\"http\",\"status\":\"mocked\"},{\"name\":\"https\",\"status\":\"mocked\"},{\"name\":\"https\",\"status\":\"mocked\"},{\"name\":\"net\",\"status\":\"mocked\"}]"}}
[debug] [2020-09-11T01:41:58.024Z] [runtime-status] [10272] Resolved module firebase-functions {"declared":true,"installed":true,"version":"3.11.0","resolution":"G:\\ReactJS\\amazon-clone\\functions\\node_modules\\firebase-functions\\lib\\index.js"} {"metadata":{"emulator":{"name":"functions"},"message":"[runtime-status] [10272] Resolved module firebase-functions {\"declared\":true,\"installed\":true,\"version\":\"3.11.0\",\"resolution\":\"G:\\\\ReactJS\\\\amazon-clone\\\\functions\\\\node_modules\\\\firebase-functions\\\\lib\\\\index.js\"}"}}
[debug] [2020-09-11T01:41:58.901Z] [runtime-status] [10272] Checked functions.config() {"config":{}} {"metadata":{"emulator":{"name":"functions"},"message":"[runtime-status] [10272] Checked functions.config() {\"config\":{}}"}}
[debug] [2020-09-11T01:41:58.902Z] [runtime-status] [10272] firebase-functions has been stubbed. {"functionsResolution":{"declared":true,"installed":true,"version":"3.11.0","resolution":"G:\\ReactJS\\amazon-clone\\functions\\node_modules\\firebase-functions\\lib\\index.js"}} {"metadata":{"emulator":{"name":"functions"},"message":"[runtime-status] [10272] firebase-functions has been stubbed. {\"functionsResolution\":{\"declared\":true,\"installed\":true,\"version\":\"3.11.0\",\"resolution\":\"G:\\\\ReactJS\\\\amazon-clone\\\\functions\\\\node_modules\\\\firebase-functions\\\\lib\\\\index.js\"}}"}}
[debug] [2020-09-11T01:41:58.902Z] [runtime-status] [10272] Resolved module firebase-functions {"declared":true,"installed":true,"version":"3.11.0","resolution":"G:\\ReactJS\\amazon-clone\\functions\\node_modules\\firebase-functions\\lib\\index.js"} {"metadata":{"emulator":{"name":"functions"},"message":"[runtime-status] [10272] Resolved module firebase-functions {\"declared\":true,\"installed\":true,\"version\":\"3.11.0\",\"resolution\":\"G:\\\\ReactJS\\\\amazon-clone\\\\functions\\\\node_modules\\\\firebase-functions\\\\lib\\\\index.js\"}"}}
[debug] [2020-09-11T01:41:58.904Z] [runtime-status] [10272] Resolved module firebase-admin {"declared":true,"installed":true,"version":"8.13.0","resolution":"G:\\ReactJS\\amazon-clone\\functions\\node_modules\\firebase-admin\\lib\\index.js"} {"metadata":{"emulator":{"name":"functions"},"message":"[runtime-status] [10272] Resolved module firebase-admin {\"declared\":true,\"installed\":true,\"version\":\"8.13.0\",\"resolution\":\"G:\\\\ReactJS\\\\amazon-clone\\\\functions\\\\node_modules\\\\firebase-admin\\\\lib\\\\index.js\"}"}}
[debug] [2020-09-11T01:41:58.904Z] [runtime-status] [10272] Resolved module firebase-functions {"declared":true,"installed":true,"version":"3.11.0","resolution":"G:\\ReactJS\\amazon-clone\\functions\\node_modules\\firebase-functions\\lib\\index.js"} {"metadata":{"emulator":{"name":"functions"},"message":"[runtime-status] [10272] Resolved module firebase-functions {\"declared\":true,\"installed\":true,\"version\":\"3.11.0\",\"resolution\":\"G:\\\\ReactJS\\\\amazon-clone\\\\functions\\\\node_modules\\\\firebase-functions\\\\lib\\\\index.js\"}"}}
[debug] [2020-09-11T01:41:58.905Z] [runtime-status] [10272] firebase-admin has been stubbed. {"adminResolution":{"declared":true,"installed":true,"version":"8.13.0","resolution":"G:\\ReactJS\\amazon-clone\\functions\\node_modules\\firebase-admin\\lib\\index.js"}} {"metadata":{"emulator":{"name":"functions"},"message":"[runtime-status] [10272] firebase-admin has been stubbed. {\"adminResolution\":{\"declared\":true,\"installed\":true,\"version\":\"8.13.0\",\"resolution\":\"G:\\\\ReactJS\\\\amazon-clone\\\\functions\\\\node_modules\\\\firebase-admin\\\\lib\\\\index.js\"}}"}}
[info] +  functions[api]: http function initialized (http://localhost:5001/with-reactjs/us-central1/api). {"metadata":{"emulator":{"name":"functions"},"message":"\u001b[1mhttp\u001b[22m function initialized (http://localhost:5001/with-reactjs/us-central1/api)."}}
[info] 
┌───────────────────────────────────────────────────────────────────────┐
│ ✔  All emulators ready! View status and logs at http://localhost:4000 │
└───────────────────────────────────────────────────────────────────────┘

┌───────────┬────────────────┬─────────────────────────────────┐
│ Emulator  │ Host:Port      │ View in Emulator UI             │
├───────────┼────────────────┼─────────────────────────────────┤
│ Functions │ localhost:5001 │ http://localhost:4000/functions │
├───────────┼────────────────┼─────────────────────────────────┤
│ Hosting   │ localhost:5000 │ n/a                             │
└───────────┴────────────────┴─────────────────────────────────┘
  Other reserved ports: 4400, 4500

Issues? Report them at https://github.com/firebase/firebase-tools/issues and attach the *-debug.log files.
 
[debug] [2020-09-11T01:42:02.660Z] [worker-~diagnostic~-c0e6163e-e775-415c-8ddf-f868a559848c]: IDLE {"metadata":{"emulator":{"name":"functions"},"message":"[worker-~diagnostic~-c0e6163e-e775-415c-8ddf-f868a559848c]: IDLE"}}
[debug] [2020-09-11T01:51:47.130Z] [work-queue] {"queueLength":1,"workRunningCount":0}
[debug] [2020-09-11T01:51:47.143Z] [work-queue] {"queueLength":0,"workRunningCount":1}
[debug] [2020-09-11T01:51:47.146Z] Accepted request POST /with-reactjs/us-central1/api/payments/create?total=26998 --> api
[debug] [2020-09-11T01:51:47.197Z] [worker-pool] addWorker(api) {"metadata":{"emulator":{"name":"functions"},"message":"[worker-pool] addWorker(api)"}}
[debug] [2020-09-11T01:51:47.197Z] [worker-pool] Adding worker with key api, total=1 {"metadata":{"emulator":{"name":"functions"},"message":"[worker-pool] Adding worker with key api, total=1"}}
[debug] [2020-09-11T01:51:47.198Z] [worker-pool] submitWork(triggerId=api) {"metadata":{"emulator":{"name":"functions"},"message":"[worker-pool] submitWork(triggerId=api)"}}
[debug] [2020-09-11T01:51:47.198Z] [worker-api-e9910af7-040b-495d-bbcd-4afbb02dec13]: Assigning socketPath: \\?\pipe\G:\ReactJS\amazon-clone\functions\9372 {"metadata":{"emulator":{"name":"functions"},"message":"[worker-api-e9910af7-040b-495d-bbcd-4afbb02dec13]: Assigning socketPath: \\\\?\\pipe\\G:\\ReactJS\\amazon-clone\\functions\\9372"}}
[debug] [2020-09-11T01:51:47.201Z] [worker-api-e9910af7-040b-495d-bbcd-4afbb02dec13]: BUSY {"metadata":{"emulator":{"name":"functions"},"message":"[worker-api-e9910af7-040b-495d-bbcd-4afbb02dec13]: BUSY"}}
[debug] [2020-09-11T01:51:48.834Z] [runtime-status] [9372] Functions runtime initialized. {"cwd":"G:\\ReactJS\\amazon-clone\\functions","node_version":"12.13.1"} {"metadata":{"emulator":{"name":"functions"},"function":{"name":"api"},"message":"[runtime-status] [9372] Functions runtime initialized. {\"cwd\":\"G:\\\\ReactJS\\\\amazon-clone\\\\functions\",\"node_version\":\"12.13.1\"}"}}
[debug] [2020-09-11T01:51:48.838Z] [runtime-status] [9372] Disabled runtime features: undefined {"metadata":{"emulator":{"name":"functions"},"function":{"name":"api"},"message":"[runtime-status] [9372] Disabled runtime features: undefined"}}
[debug] [2020-09-11T01:51:48.943Z] [runtime-status] [9372] Resolved module firebase-admin {"declared":true,"installed":true,"version":"8.13.0","resolution":"G:\\ReactJS\\amazon-clone\\functions\\node_modules\\firebase-admin\\lib\\index.js"} {"metadata":{"emulator":{"name":"functions"},"function":{"name":"api"},"message":"[runtime-status] [9372] Resolved module firebase-admin {\"declared\":true,\"installed\":true,\"version\":\"8.13.0\",\"resolution\":\"G:\\\\ReactJS\\\\amazon-clone\\\\functions\\\\node_modules\\\\firebase-admin\\\\lib\\\\index.js\"}"}}
[debug] [2020-09-11T01:51:48.974Z] [runtime-status] [9372] Resolved module firebase-functions {"declared":true,"installed":true,"version":"3.11.0","resolution":"G:\\ReactJS\\amazon-clone\\functions\\node_modules\\firebase-functions\\lib\\index.js"} {"metadata":{"emulator":{"name":"functions"},"function":{"name":"api"},"message":"[runtime-status] [9372] Resolved module firebase-functions {\"declared\":true,\"installed\":true,\"version\":\"3.11.0\",\"resolution\":\"G:\\\\ReactJS\\\\amazon-clone\\\\functions\\\\node_modules\\\\firebase-functions\\\\lib\\\\index.js\"}"}}
[debug] [2020-09-11T01:51:48.976Z] [runtime-status] [9372] Resolved module firebase-functions {"declared":true,"installed":true,"version":"3.11.0","resolution":"G:\\ReactJS\\amazon-clone\\functions\\node_modules\\firebase-functions\\lib\\index.js"} {"metadata":{"emulator":{"name":"functions"},"function":{"name":"api"},"message":"[runtime-status] [9372] Resolved module firebase-functions {\"declared\":true,\"installed\":true,\"version\":\"3.11.0\",\"resolution\":\"G:\\\\ReactJS\\\\amazon-clone\\\\functions\\\\node_modules\\\\firebase-functions\\\\lib\\\\index.js\"}"}}
[debug] [2020-09-11T01:51:48.980Z] [runtime-status] [9372] Outgoing network have been stubbed. [{"name":"http","status":"mocked"},{"name":"http","status":"mocked"},{"name":"https","status":"mocked"},{"name":"https","status":"mocked"},{"name":"net","status":"mocked"}] {"metadata":{"emulator":{"name":"functions"},"function":{"name":"api"},"message":"[runtime-status] [9372] Outgoing network have been stubbed. [{\"name\":\"http\",\"status\":\"mocked\"},{\"name\":\"http\",\"status\":\"mocked\"},{\"name\":\"https\",\"status\":\"mocked\"},{\"name\":\"https\",\"status\":\"mocked\"},{\"name\":\"net\",\"status\":\"mocked\"}]"}}
[debug] [2020-09-11T01:51:48.981Z] [runtime-status] [9372] Resolved module firebase-functions {"declared":true,"installed":true,"version":"3.11.0","resolution":"G:\\ReactJS\\amazon-clone\\functions\\node_modules\\firebase-functions\\lib\\index.js"} {"metadata":{"emulator":{"name":"functions"},"function":{"name":"api"},"message":"[runtime-status] [9372] Resolved module firebase-functions {\"declared\":true,\"installed\":true,\"version\":\"3.11.0\",\"resolution\":\"G:\\\\ReactJS\\\\amazon-clone\\\\functions\\\\node_modules\\\\firebase-functions\\\\lib\\\\index.js\"}"}}
[debug] [2020-09-11T01:51:49.802Z] [runtime-status] [9372] Checked functions.config() {"config":{}} {"metadata":{"emulator":{"name":"functions"},"function":{"name":"api"},"message":"[runtime-status] [9372] Checked functions.config() {\"config\":{}}"}}
[debug] [2020-09-11T01:51:49.804Z] [runtime-status] [9372] firebase-functions has been stubbed. {"functionsResolution":{"declared":true,"installed":true,"version":"3.11.0","resolution":"G:\\ReactJS\\amazon-clone\\functions\\node_modules\\firebase-functions\\lib\\index.js"}} {"metadata":{"emulator":{"name":"functions"},"function":{"name":"api"},"message":"[runtime-status] [9372] firebase-functions has been stubbed. {\"functionsResolution\":{\"declared\":true,\"installed\":true,\"version\":\"3.11.0\",\"resolution\":\"G:\\\\ReactJS\\\\amazon-clone\\\\functions\\\\node_modules\\\\firebase-functions\\\\lib\\\\index.js\"}}"}}
[debug] [2020-09-11T01:51:49.805Z] [runtime-status] [9372] Resolved module firebase-functions {"declared":true,"installed":true,"version":"3.11.0","resolution":"G:\\ReactJS\\amazon-clone\\functions\\node_modules\\firebase-functions\\lib\\index.js"} {"metadata":{"emulator":{"name":"functions"},"function":{"name":"api"},"message":"[runtime-status] [9372] Resolved module firebase-functions {\"declared\":true,\"installed\":true,\"version\":\"3.11.0\",\"resolution\":\"G:\\\\ReactJS\\\\amazon-clone\\\\functions\\\\node_modules\\\\firebase-functions\\\\lib\\\\index.js\"}"}}
[debug] [2020-09-11T01:51:49.806Z] [runtime-status] [9372] Resolved module firebase-admin {"declared":true,"installed":true,"version":"8.13.0","resolution":"G:\\ReactJS\\amazon-clone\\functions\\node_modules\\firebase-admin\\lib\\index.js"} {"metadata":{"emulator":{"name":"functions"},"function":{"name":"api"},"message":"[runtime-status] [9372] Resolved module firebase-admin {\"declared\":true,\"installed\":true,\"version\":\"8.13.0\",\"resolution\":\"G:\\\\ReactJS\\\\amazon-clone\\\\functions\\\\node_modules\\\\firebase-admin\\\\lib\\\\index.js\"}"}}
[debug] [2020-09-11T01:51:49.807Z] [runtime-status] [9372] Resolved module firebase-functions {"declared":true,"installed":true,"version":"3.11.0","resolution":"G:\\ReactJS\\amazon-clone\\functions\\node_modules\\firebase-functions\\lib\\index.js"} {"metadata":{"emulator":{"name":"functions"},"function":{"name":"api"},"message":"[runtime-status] [9372] Resolved module firebase-functions {\"declared\":true,\"installed\":true,\"version\":\"3.11.0\",\"resolution\":\"G:\\\\ReactJS\\\\amazon-clone\\\\functions\\\\node_modules\\\\firebase-functions\\\\lib\\\\index.js\"}"}}
[debug] [2020-09-11T01:51:49.807Z] [runtime-status] [9372] firebase-admin has been stubbed. {"adminResolution":{"declared":true,"installed":true,"version":"8.13.0","resolution":"G:\\ReactJS\\amazon-clone\\functions\\node_modules\\firebase-admin\\lib\\index.js"}} {"metadata":{"emulator":{"name":"functions"},"function":{"name":"api"},"message":"[runtime-status] [9372] firebase-admin has been stubbed. {\"adminResolution\":{\"declared\":true,\"installed\":true,\"version\":\"8.13.0\",\"resolution\":\"G:\\\\ReactJS\\\\amazon-clone\\\\functions\\\\node_modules\\\\firebase-admin\\\\lib\\\\index.js\"}}"}}
[debug] [2020-09-11T01:51:52.073Z] [runtime-status] [9372] Trigger "api" has been found, beginning invocation! {"metadata":{"emulator":{"name":"functions"},"function":{"name":"api"},"message":"[runtime-status] [9372] Trigger \"api\" has been found, beginning invocation!"}}
[info] i  functions: Beginning execution of "api" {"metadata":{"emulator":{"name":"functions"},"function":{"name":"api"},"message":"Beginning execution of \"api\""}}
[debug] [2020-09-11T01:51:52.101Z] [runtime-status] [9372] triggerDefinition {"httpsTrigger":{},"name":"api","entryPoint":"api"} {"metadata":{"emulator":{"name":"functions"},"function":{"name":"api"},"message":"[runtime-status] [9372] triggerDefinition {\"httpsTrigger\":{},\"name\":\"api\",\"entryPoint\":\"api\"}"}}
[debug] [2020-09-11T01:51:52.102Z] [runtime-status] [9372] Running api in mode HTTPS {"metadata":{"emulator":{"name":"functions"},"function":{"name":"api"},"message":"[runtime-status] [9372] Running api in mode HTTPS"}}
[debug] [2020-09-11T01:51:52.105Z] [runtime-status] [9372] Attempting to listen to socketPath: \\?\pipe\G:\ReactJS\amazon-clone\functions\9372 {"metadata":{"emulator":{"name":"functions"},"function":{"name":"api"},"message":"[runtime-status] [9372] Attempting to listen to socketPath: \\\\?\\pipe\\G:\\ReactJS\\amazon-clone\\functions\\9372"}}
[debug] [2020-09-11T01:51:52.136Z] [functions] Runtime ready! Sending request! {"metadata":{"emulator":{"name":"functions"},"message":"[functions] Runtime ready! Sending request!"}}
[debug] [2020-09-11T01:51:52.184Z] [runtime-status] [9372] Ephemeral server handling POST request {"metadata":{"emulator":{"name":"functions"},"function":{"name":"api"},"message":"[runtime-status] [9372] Ephemeral server handling POST request"}}
[info] >  Payment Request Recieved BOOM!!! for this amount >>>  26998 {"user":"Payment Request Recieved BOOM!!! for this amount >>>  26998","metadata":{"emulator":{"name":"functions"},"function":{"name":"api"},"message":"\u001b[90m> \u001b[39m Payment Request Recieved BOOM!!! for this amount >>>  26998"}}
[debug] [2020-09-11T01:51:52.212Z] [runtime-status] [9372] Ephemeral server survived. {"metadata":{"emulator":{"name":"functions"},"function":{"name":"api"},"message":"[runtime-status] [9372] Ephemeral server survived."}}
[info] i  functions: Finished "api" in ~1s {"metadata":{"emulator":{"name":"functions"},"function":{"name":"api"},"message":"Finished \"api\" in ~1s"}}
[debug] [2020-09-11T01:51:53.135Z] [worker-api-e9910af7-040b-495d-bbcd-4afbb02dec13]: IDLE {"metadata":{"emulator":{"name":"functions"},"message":"[worker-api-e9910af7-040b-495d-bbcd-4afbb02dec13]: IDLE"}}
[debug] [2020-09-11T01:51:53.136Z] [work-queue] {"queueLength":0,"workRunningCount":0}
[debug] [2020-09-11T01:52:03.942Z] [work-queue] {"queueLength":1,"workRunningCount":0}
[debug] [2020-09-11T01:52:03.943Z] [work-queue] {"queueLength":0,"workRunningCount":1}
[debug] [2020-09-11T01:52:03.943Z] Accepted request POST /with-reactjs/us-central1/api/payments/create?total=0 --> api
[debug] [2020-09-11T01:52:03.943Z] [worker-pool] submitWork(triggerId=api) {"metadata":{"emulator":{"name":"functions"},"message":"[worker-pool] submitWork(triggerId=api)"}}
[debug] [2020-09-11T01:52:03.944Z] [worker-api-e9910af7-040b-495d-bbcd-4afbb02dec13]: Assigning socketPath: \\?\pipe\G:\ReactJS\amazon-clone\functions\9372 {"metadata":{"emulator":{"name":"functions"},"message":"[worker-api-e9910af7-040b-495d-bbcd-4afbb02dec13]: Assigning socketPath: \\\\?\\pipe\\G:\\ReactJS\\amazon-clone\\functions\\9372"}}
[debug] [2020-09-11T01:52:03.944Z] [worker-api-e9910af7-040b-495d-bbcd-4afbb02dec13]: BUSY {"metadata":{"emulator":{"name":"functions"},"message":"[worker-api-e9910af7-040b-495d-bbcd-4afbb02dec13]: BUSY"}}
[debug] [2020-09-11T01:52:03.945Z] [runtime-status] [9372] Trigger "api" has been found, beginning invocation! {"metadata":{"emulator":{"name":"functions"},"function":{"name":"api"},"message":"[runtime-status] [9372] Trigger \"api\" has been found, beginning invocation!"}}
[info] i  functions: Beginning execution of "api" {"metadata":{"emulator":{"name":"functions"},"function":{"name":"api"},"message":"Beginning execution of \"api\""}}
[debug] [2020-09-11T01:52:03.977Z] [runtime-status] [9372] triggerDefinition {"httpsTrigger":{},"name":"api","entryPoint":"api"} {"metadata":{"emulator":{"name":"functions"},"function":{"name":"api"},"message":"[runtime-status] [9372] triggerDefinition {\"httpsTrigger\":{},\"name\":\"api\",\"entryPoint\":\"api\"}"}}
[debug] [2020-09-11T01:52:03.977Z] [runtime-status] [9372] Running api in mode HTTPS {"metadata":{"emulator":{"name":"functions"},"function":{"name":"api"},"message":"[runtime-status] [9372] Running api in mode HTTPS"}}
[debug] [2020-09-11T01:52:03.977Z] [runtime-status] [9372] Attempting to listen to socketPath: \\?\pipe\G:\ReactJS\amazon-clone\functions\9372 {"metadata":{"emulator":{"name":"functions"},"function":{"name":"api"},"message":"[runtime-status] [9372] Attempting to listen to socketPath: \\\\?\\pipe\\G:\\ReactJS\\amazon-clone\\functions\\9372"}}
[debug] [2020-09-11T01:52:03.979Z] [functions] Runtime ready! Sending request! {"metadata":{"emulator":{"name":"functions"},"message":"[functions] Runtime ready! Sending request!"}}
[debug] [2020-09-11T01:52:03.984Z] [runtime-status] [9372] Ephemeral server handling POST request {"metadata":{"emulator":{"name":"functions"},"function":{"name":"api"},"message":"[runtime-status] [9372] Ephemeral server handling POST request"}}
[info] >  Payment Request Recieved BOOM!!! for this amount >>>  0 {"user":"Payment Request Recieved BOOM!!! for this amount >>>  0","metadata":{"emulator":{"name":"functions"},"function":{"name":"api"},"message":"\u001b[90m> \u001b[39m Payment Request Recieved BOOM!!! for this amount >>>  0"}}
[debug] [2020-09-11T01:52:03.986Z] [runtime-status] [9372] Ephemeral server survived. {"metadata":{"emulator":{"name":"functions"},"function":{"name":"api"},"message":"[runtime-status] [9372] Ephemeral server survived."}}
[info] >  (node:9372) UnhandledPromiseRejectionWarning: Error: This value must be greater than or equal to 1. {"user":"(node:9372) UnhandledPromiseRejectionWarning: Error: This value must be greater than or equal to 1.","metadata":{"emulator":{"name":"functions"},"function":{"name":"api"},"message":"\u001b[90m> \u001b[39m (node:9372) UnhandledPromiseRejectionWarning: Error: This value must be greater than or equal to 1."}}
[info] >      at Function.generate (G:\ReactJS\amazon-clone\functions\node_modules\stripe\lib\Error.js:39:16) {"user":"    at Function.generate (G:\\ReactJS\\amazon-clone\\functions\\node_modules\\stripe\\lib\\Error.js:39:16)","metadata":{"emulator":{"name":"functions"},"function":{"name":"api"},"message":"\u001b[90m> \u001b[39m     at Function.generate (G:\\ReactJS\\amazon-clone\\functions\\node_modules\\stripe\\lib\\Error.js:39:16)"}}
[info] >      at IncomingMessage.<anonymous> (G:\ReactJS\amazon-clone\functions\node_modules\stripe\lib\StripeResource.js:190:33) {"user":"    at IncomingMessage.<anonymous> (G:\\ReactJS\\amazon-clone\\functions\\node_modules\\stripe\\lib\\StripeResource.js:190:33)","metadata":{"emulator":{"name":"functions"},"function":{"name":"api"},"message":"\u001b[90m> \u001b[39m     at IncomingMessage.<anonymous> (G:\\ReactJS\\amazon-clone\\functions\\node_modules\\stripe\\lib\\StripeResource.js:190:33)"}}
[info] >      at Object.onceWrapper (events.js:299:28) {"user":"    at Object.onceWrapper (events.js:299:28)","metadata":{"emulator":{"name":"functions"},"function":{"name":"api"},"message":"\u001b[90m> \u001b[39m     at Object.onceWrapper (events.js:299:28)"}}
[info] >      at IncomingMessage.emit (events.js:215:7) {"user":"    at IncomingMessage.emit (events.js:215:7)","metadata":{"emulator":{"name":"functions"},"function":{"name":"api"},"message":"\u001b[90m> \u001b[39m     at IncomingMessage.emit (events.js:215:7)"}}
[info] >      at endReadableNT (_stream_readable.js:1184:12) {"user":"    at endReadableNT (_stream_readable.js:1184:12)","metadata":{"emulator":{"name":"functions"},"function":{"name":"api"},"message":"\u001b[90m> \u001b[39m     at endReadableNT (_stream_readable.js:1184:12)"}}
[info] >      at processTicksAndRejections (internal/process/task_queues.js:80:21) {"user":"    at processTicksAndRejections (internal/process/task_queues.js:80:21)","metadata":{"emulator":{"name":"functions"},"function":{"name":"api"},"message":"\u001b[90m> \u001b[39m     at processTicksAndRejections (internal/process/task_queues.js:80:21)"}}
[info] >  (node:9372) UnhandledPromiseRejectionWarning: Unhandled promise rejection. This error originated either by throwing inside of an async function without a catch block, or by rejecting a promise which was not handled with .catch(). (rejection id: 1) {"user":"(node:9372) UnhandledPromiseRejectionWarning: Unhandled promise rejection. This error originated either by throwing inside of an async function without a catch block, or by rejecting a promise which was not handled with .catch(). (rejection id: 1)","metadata":{"emulator":{"name":"functions"},"function":{"name":"api"},"message":"\u001b[90m> \u001b[39m (node:9372) UnhandledPromiseRejectionWarning: Unhandled promise rejection. This error originated either by throwing inside of an async function without a catch block, or by rejecting a promise which was not handled with .catch(). (rejection id: 1)"}}
[info] >  (node:9372) [DEP0018] DeprecationWarning: Unhandled promise rejections are deprecated. In the future, promise rejections that are not handled will terminate the Node.js process with a non-zero exit code. {"user":"(node:9372) [DEP0018] DeprecationWarning: Unhandled promise rejections are deprecated. In the future, promise rejections that are not handled will terminate the Node.js process with a non-zero exit code.","metadata":{"emulator":{"name":"functions"},"function":{"name":"api"},"message":"\u001b[90m> \u001b[39m (node:9372) [DEP0018] DeprecationWarning: Unhandled promise rejections are deprecated. In the future, promise rejections that are not handled will terminate the Node.js process with a non-zero exit code."}}
